{"timestamp":"2025-10-19T08:34:32.012Z","method":"GET","url":"/","statusCode":401,"duration":"48ms","ip":"::1"}
{"timestamp":"2025-10-19T08:35:15.739Z","method":"GET","url":"/api/tracking/stats?type=general","statusCode":401,"duration":"66ms","ip":"::1"}
{"timestamp":"2025-10-19T08:50:37.631Z","method":"GET","url":"/api","statusCode":401,"duration":"145ms","ip":"::1"}
{"timestamp":"2025-10-19T08:51:06.243Z","method":"GET","url":"/api/health","statusCode":401,"duration":"19ms","ip":"::1"}
{"timestamp":"2025-10-19T08:51:15.890Z","method":"GET","url":"/api/health","statusCode":401,"duration":"48ms","ip":"::1"}
{"timestamp":"2025-10-19T08:51:22.600Z","method":"GET","url":"/chat/health","statusCode":401,"duration":"22ms","ip":"::1"}
{"timestamp":"2025-10-19T08:53:54.259Z","method":"GET","url":"/chat/register","statusCode":401,"duration":"60ms","ip":"::1"}
{"timestamp":"2025-10-19T08:56:27.685Z","method":"GET","url":"/","statusCode":200,"duration":"30ms","ip":"::1"}
{"timestamp":"2025-10-19T08:56:58.465Z","method":"POST","url":"/api/v1/signIn","statusCode":403,"duration":"121ms","ip":"::1"}
{"timestamp":"2025-10-19T09:04:01.057Z","method":"GET","url":"/client/","statusCode":200,"duration":"14ms","ip":"::1"}
{"timestamp":"2025-10-19T09:10:26.941Z","method":"POST","url":"/login","statusCode":401,"duration":"114ms","ip":"::1"}
{"timestamp":"2025-10-19T09:10:49.346Z","method":"POST","url":"/login","statusCode":401,"duration":"289ms","ip":"::1"}
{"timestamp":"2025-10-19T09:11:06.670Z","method":"POST","url":"/login","statusCode":200,"duration":"354ms","ip":"::1"}
{"timestamp":"2025-10-19T09:12:08.770Z","method":"GET","url":"/client/","statusCode":200,"duration":"23ms","ip":"::1"}
{"timestamp":"2025-10-19T09:12:09.024Z","method":"GET","url":"/client/css/animations.css","statusCode":200,"duration":"42ms","ip":"::1"}
{"timestamp":"2025-10-19T09:12:09.028Z","method":"GET","url":"/client/css/styles.css","statusCode":200,"duration":"54ms","ip":"::1"}
{"timestamp":"2025-10-19T09:12:09.038Z","method":"GET","url":"/client/js/app.js","statusCode":200,"duration":"48ms","ip":"::1"}
{"timestamp":"2025-10-19T09:12:09.044Z","method":"GET","url":"/client/js/animations.js","statusCode":200,"duration":"39ms","ip":"::1"}
{"timestamp":"2025-10-19T09:12:54.415Z","method":"POST","url":"/login","statusCode":200,"duration":"434ms","ip":"::1"}
{"timestamp":"2025-10-19T09:12:55.463Z","method":"GET","url":"/client/","statusCode":200,"duration":"5ms","ip":"::1"}
{"timestamp":"2025-10-19T09:12:55.552Z","method":"GET","url":"/client/css/styles.css","statusCode":200,"duration":"37ms","ip":"::1"}
{"timestamp":"2025-10-19T09:12:55.555Z","method":"GET","url":"/client/css/animations.css","statusCode":200,"duration":"32ms","ip":"::1"}
{"timestamp":"2025-10-19T09:12:55.573Z","method":"GET","url":"/client/js/app.js","statusCode":200,"duration":"40ms","ip":"::1"}
{"timestamp":"2025-10-19T09:12:55.581Z","method":"GET","url":"/client/js/animations.js","statusCode":200,"duration":"40ms","ip":"::1"}
{"timestamp":"2025-10-19T09:12:55.727Z","method":"GET","url":"/api/v1/verify-token","statusCode":404,"duration":"83ms","ip":"::1","userId":"68f4994cff484b827908d5f8"}
{"timestamp":"2025-10-19T09:13:03.353Z","method":"GET","url":"/client/css/styles.css","statusCode":200,"duration":"40ms","ip":"::1"}
{"timestamp":"2025-10-19T09:13:03.370Z","method":"GET","url":"/.well-known/appspecific/com.chrome.devtools.json","statusCode":404,"duration":"46ms","ip":"::1","userId":"68f4994cff484b827908d5f8"}
{"timestamp":"2025-10-19T09:13:03.360Z","method":"GET","url":"/client/css/animations.css","statusCode":200,"duration":"41ms","ip":"::1"}
{"timestamp":"2025-10-19T09:13:07.463Z","method":"GET","url":"/client/","statusCode":200,"duration":"10ms","ip":"::1"}
{"timestamp":"2025-10-19T09:13:08.150Z","method":"GET","url":"/client/css/styles.css","statusCode":200,"duration":"64ms","ip":"::1"}
{"timestamp":"2025-10-19T09:13:08.151Z","method":"GET","url":"/client/css/animations.css","statusCode":200,"duration":"46ms","ip":"::1"}
{"timestamp":"2025-10-19T09:13:08.182Z","method":"GET","url":"/.well-known/appspecific/com.chrome.devtools.json","statusCode":404,"duration":"66ms","ip":"::1","userId":"68f4994cff484b827908d5f8"}
{"timestamp":"2025-10-19T09:13:08.257Z","method":"GET","url":"/client/js/app.js","statusCode":200,"duration":"19ms","ip":"::1"}
{"timestamp":"2025-10-19T09:13:08.259Z","method":"GET","url":"/client/js/animations.js","statusCode":200,"duration":"14ms","ip":"::1"}
{"timestamp":"2025-10-19T09:13:41.522Z","method":"POST","url":"/login","statusCode":200,"duration":"487ms","ip":"::1"}
{"timestamp":"2025-10-19T09:13:42.661Z","method":"GET","url":"/client/","statusCode":200,"duration":"1ms","ip":"::1"}
{"timestamp":"2025-10-19T09:13:43.356Z","method":"GET","url":"/client/css/styles.css","statusCode":200,"duration":"61ms","ip":"::1"}
{"timestamp":"2025-10-19T09:13:43.376Z","method":"GET","url":"/.well-known/appspecific/com.chrome.devtools.json","statusCode":404,"duration":"73ms","ip":"::1","userId":"68f4994cff484b827908d5f8"}
{"timestamp":"2025-10-19T09:13:43.393Z","method":"GET","url":"/client/css/animations.css","statusCode":200,"duration":"63ms","ip":"::1"}
{"timestamp":"2025-10-19T09:13:43.451Z","method":"GET","url":"/client/js/app.js","statusCode":200,"duration":"13ms","ip":"::1"}
{"timestamp":"2025-10-19T09:13:43.454Z","method":"GET","url":"/client/js/animations.js","statusCode":200,"duration":"11ms","ip":"::1"}
{"timestamp":"2025-10-19T09:13:44.277Z","method":"GET","url":"/api/v1/verify-token","statusCode":404,"duration":"50ms","ip":"::1","userId":"68f4994cff484b827908d5f8"}
{"timestamp":"2025-10-19T10:24:28.813Z","method":"GET","url":"/api","statusCode":404,"duration":"228ms","ip":"::1","userId":"68f4994cff484b827908d5f8"}
